<?xml version="1.0" encoding="UTF-8"?>
<!-- Generated by org.testng.reporters.JUnitReportReporter -->
<testsuite skipped="0" hostname="L309398" name="com.org.executionengine.DriverScript" tests="1" failures="0" timestamp="12 Oct 2018 20:33:14 GMT" time="79.257" errors="0">
  <testcase name="demo" time="79.257" classname="com.org.executionengine.DriverScript"/>
</testsuite> <!-- com.org.executionengine.DriverScript -->
