<?xml version="1.0" encoding="UTF-8"?>
<!-- Generated by org.testng.reporters.JUnitReportReporter -->
<testsuite hostname="L505032" name="com.org.executionengine.MainScript" tests="1" failures="0" timestamp="9 Apr 2019 06:41:13 GMT" time="25.786" errors="0">
  <testcase name="demo" time="25.786" classname="com.org.executionengine.MainScript"/>
</testsuite> <!-- com.org.executionengine.MainScript -->
